<?xml version="1.0" encoding="UTF-8"?>
<testng-results ignored="0" total="1" passed="1" failed="0" skipped="0">
  <reporter-output>
  </reporter-output>
  <suite started-at="2023-06-29T12:31:11 IST" name="Default suite" finished-at="2023-06-29T12:32:01 IST" duration-ms="49894">
    <groups>
    </groups>
    <test started-at="2023-06-29T12:31:11 IST" name="Default test" finished-at="2023-06-29T12:32:01 IST" duration-ms="49894">
      <class name="FlipkartTestScript.flipkarttestScript">
        <test-method signature="openFlipkart()[pri:0, instance:FlipkartTestScript.flipkarttestScript@a2431d0]" started-at="2023-06-29T12:31:11 IST" name="openFlipkart" finished-at="2023-06-29T12:32:01 IST" duration-ms="49808" status="PASS">
          <reporter-output>
          </reporter-output>
        </test-method> <!-- openFlipkart -->
      </class> <!-- FlipkartTestScript.flipkarttestScript -->
    </test> <!-- Default test -->
  </suite> <!-- Default suite -->
</testng-results>
